
> rsai-click@ build D:\project-rsai\rsai-click
> vite build

[36mvite v7.3.1 [32mbuilding client environment for production...[36m[39m
transforming...
[32mΓ£ô[39m 1856 modules transformed.
rendering chunks...
computing gzip size...
[2m.output/public/[22m[32massets/jetbrains-mono-vietnamese-wght-normal-Bt-aOZkq.woff2  [39m[1m[2m  7.50 kB[22m[1m[22m
[2m.output/public/[22m[32massets/jetbrains-mono-greek-wght-normal-Bw9x6K1M.woff2       [39m[1m[2m  9.00 kB[22m[1m[22m
[2m.output/public/[22m[32massets/jetbrains-mono-cyrillic-wght-normal-D73BlboJ.woff2    [39m[1m[2m 12.11 kB[22m[1m[22m
[2m.output/public/[22m[32massets/jetbrains-mono-latin-ext-wght-normal-DBQx-q_a.woff2   [39m[1m[2m 15.20 kB[22m[1m[22m
[2m.output/public/[22m[32massets/jetbrains-mono-latin-wght-normal-B9CIFXIH.woff2       [39m[1m[2m 40.40 kB[22m[1m[22m
[2m.output/public/[22m[35massets/styles-Bvf55Pjp.css                                   [39m[1m[2m 87.19 kB[22m[1m[22m[2m Γöé gzip:  17.45 kB[22m
[2m.output/public/[22m[36massets/_slug-DoTYRVuG.js                                     [39m[1m[2m  0.13 kB[22m[1m[22m[2m Γöé gzip:   0.14 kB[22m
[2m.output/public/[22m[36massets/index-BNdRJinC.js                                     [39m[1m[2m  0.13 kB[22m[1m[22m[2m Γöé gzip:   0.14 kB[22m
[2m.output/public/[22m[36massets/index-DrBsaVke.js                                     [39m[1m[2m  0.13 kB[22m[1m[22m[2m Γöé gzip:   0.14 kB[22m
[2m.output/public/[22m[36massets/new-BUzme7HA.js                                       [39m[1m[2m  0.14 kB[22m[1m[22m[2m Γöé gzip:   0.14 kB[22m
[2m.output/public/[22m[36massets/_pageId-DUXKw1Qa.js                                   [39m[1m[2m  0.14 kB[22m[1m[22m[2m Γöé gzip:   0.15 kB[22m
[2m.output/public/[22m[36massets/login-C2KZP39f.js                                     [39m[1m[2m  3.34 kB[22m[1m[22m[2m Γöé gzip:   1.32 kB[22m
[2m.output/public/[22m[36massets/register-Ce4oyF7m.js                                  [39m[1m[2m  3.90 kB[22m[1m[22m[2m Γöé gzip:   1.38 kB[22m
[2m.output/public/[22m[36massets/route-CBlsR72N.js                                     [39m[1m[2m  5.74 kB[22m[1m[22m[2m Γöé gzip:   2.07 kB[22m
[2m.output/public/[22m[36massets/index-BUVtRbco.js                                     [39m[1m[2m  6.24 kB[22m[1m[22m[2m Γöé gzip:   1.84 kB[22m
[2m.output/public/[22m[36massets/auth-client-D6ncEXlb.js                               [39m[1m[2m 28.72 kB[22m[1m[22m[2m Γöé gzip:  10.96 kB[22m
[2m.output/public/[22m[36massets/main-Db6SOTtd.js                                      [39m[1m[2m328.13 kB[22m[1m[22m[2m Γöé gzip: 104.81 kB[22m
[32mΓ£ô built in 4.13s[39m
[36mvite v7.3.1 [32mbuilding ssr environment for production...[36m[39m
transforming...
[32mΓ£ô[39m 744 modules transformed.
rendering chunks...
[2mnode_modules/.nitro/vite/services/ssr/[22m[32massets/jetbrains-mono-vietnamese-wght-normal-Bt-aOZkq.woff2  [39m[1m[2m    7.50 kB[22m[1m[22m
[2mnode_modules/.nitro/vite/services/ssr/[22m[32massets/jetbrains-mono-greek-wght-normal-Bw9x6K1M.woff2       [39m[1m[2m    9.00 kB[22m[1m[22m
[2mnode_modules/.nitro/vite/services/ssr/[22m[32massets/jetbrains-mono-cyrillic-wght-normal-D73BlboJ.woff2    [39m[1m[2m   12.11 kB[22m[1m[22m
[2mnode_modules/.nitro/vite/services/ssr/[22m[32massets/jetbrains-mono-latin-ext-wght-normal-DBQx-q_a.woff2   [39m[1m[2m   15.20 kB[22m[1m[22m
[2mnode_modules/.nitro/vite/services/ssr/[22m[32massets/jetbrains-mono-latin-wght-normal-B9CIFXIH.woff2       [39m[1m[2m   40.40 kB[22m[1m[22m
[2mnode_modules/.nitro/vite/services/ssr/[22m[35massets/styles-Bvf55Pjp.css                                   [39m[1m[2m   87.19 kB[22m[1m[22m
[2mnode_modules/.nitro/vite/services/ssr/[22m[36massets/start-HYkvq4Ni.js                                     [39m[1m[2m    0.06 kB[22m[1m[22m
[2mnode_modules/.nitro/vite/services/ssr/[22m[36massets/_slug-BWV0vB03.js                                     [39m[1m[2m    0.18 kB[22m[1m[22m
[2mnode_modules/.nitro/vite/services/ssr/[22m[36massets/index-DYzSBHqJ.js                                     [39m[1m[2m    0.18 kB[22m[1m[22m
[2mnode_modules/.nitro/vite/services/ssr/[22m[36massets/index-3K8Ke9Te.js                                     [39m[1m[2m    0.19 kB[22m[1m[22m
[2mnode_modules/.nitro/vite/services/ssr/[22m[36massets/new-CUlQcvAH.js                                       [39m[1m[2m    0.19 kB[22m[1m[22m
[2mnode_modules/.nitro/vite/services/ssr/[22m[36massets/_pageId-pzstCErg.js                                   [39m[1m[2m    0.20 kB[22m[1m[22m
[2mnode_modules/.nitro/vite/services/ssr/[22m[36massets/server-Bi4_y5ZG.js                                    [39m[1m[2m    0.47 kB[22m[1m[22m
[2mnode_modules/.nitro/vite/services/ssr/[22m[36massets/index-TIXsIQ8P.js                                     [39m[1m[2m    0.56 kB[22m[1m[22m
[2mnode_modules/.nitro/vite/services/ssr/[22m[36massets/_tanstack-start-manifest_v-B2cNPG7-.js                [39m[1m[2m    1.80 kB[22m[1m[22m
[2mnode_modules/.nitro/vite/services/ssr/[22m[36massets/d1-sqlite-dialect-sYHNqBte-BHGk8kk-.js                [39m[1m[2m    4.43 kB[22m[1m[22m
[2mnode_modules/.nitro/vite/services/ssr/[22m[36massets/login-DhyEQsST.js                                     [39m[1m[2m    4.65 kB[22m[1m[22m
[2mnode_modules/.nitro/vite/services/ssr/[22m[36massets/bun-sqlite-dialect-C8OaCWSL-Bztqdi6R.js               [39m[1m[2m    4.68 kB[22m[1m[22m
[2mnode_modules/.nitro/vite/services/ssr/[22m[36massets/node-sqlite-dialect-DldscVfp.js                       [39m[1m[2m    4.69 kB[22m[1m[22m
[2mnode_modules/.nitro/vite/services/ssr/[22m[36massets/register-AfNWWqR7.js                                  [39m[1m[2m    5.40 kB[22m[1m[22m
[2mnode_modules/.nitro/vite/services/ssr/[22m[36massets/route-CtJ0hwZM.js                                     [39m[1m[2m    5.43 kB[22m[1m[22m
[2mnode_modules/.nitro/vite/services/ssr/[22m[36massets/router-DtRqQykK.js                                    [39m[1m[2m    6.73 kB[22m[1m[22m
[2mnode_modules/.nitro/vite/services/ssr/[22m[36massets/index-D9P3rAUS.js                                     [39m[1m[2m    7.79 kB[22m[1m[22m
[2mnode_modules/.nitro/vite/services/ssr/[22m[36massets/index-ChpSDnmJ.js                                     [39m[1m[2m    9.79 kB[22m[1m[22m
[2mnode_modules/.nitro/vite/services/ssr/[22m[36massets/auth-client-DB_VPfP-.js                               [39m[1m[2m   26.60 kB[22m[1m[22m
[2mnode_modules/.nitro/vite/services/ssr/[22m[36massets/string-B_cWSAYd.js                                    [39m[1m[2m   44.73 kB[22m[1m[22m
[2mnode_modules/.nitro/vite/services/ssr/[22m[36mindex.js                                                     [39m[1m[2m  156.54 kB[22m[1m[22m
[2mnode_modules/.nitro/vite/services/ssr/[22m[36massets/auth-BYkyTJUB.js                                      [39m[1m[33m1,532.01 kB[39m[22m
[32mΓ£ô built in 3.15s[39m

[90m[[90mnitro[90m][39m [35mΓùÉ[39m Building [[35mNitro[39m] [2m(preset: [36mnode-server[39m, compatibility: [36m2026-03-06[39m)[22m
[90m[[90mnitro[90m][39m [32mΓ£ö[39m Generated public [36m.output/public[39m
[36mvite v7.3.1 [32mbuilding nitro environment for production...[36m[39m
transforming...
[32mΓ£ô[39m 2118 modules transformed.
[36mΓä╣[39m Tracing dependencies:
- [36mmysql2[39m (3.19.0)
- [36msql-escaper[39m (1.3.3)
- [36mlru.min[39m (1.1.4)
- [36maws-ssl-profiles[39m (1.1.2)
- [36mdenque[39m (2.1.0)
- [36mnamed-placeholders[39m (1.1.6)
- [36mlong[39m (5.3.2)
- [36miconv-lite[39m (0.7.2)
- [36mgenerate-function[39m (2.3.1)
- [36mis-property[39m (1.0.2)
- [36msafer-buffer[39m (2.1.2)
[32mΓ£ö[39m Traced 11 dependencies (130 files) in 490ms.
[36mΓä╣[39m Ensure your production environment matches the builder OS and architecture ([36mwin32-x64[39m) to avoid native module issues.
rendering chunks...
[2m.output/server/[22m[36m_libs/crossws.mjs                              [39m[1m[2m    0.00 kB[22m[1m[22m
[2m.output/server/[22m[36m_libs/hookable.mjs                             [39m[1m[2m    0.00 kB[22m[1m[22m
[2m.output/server/[22m[36m_libs/unctx.mjs                                [39m[1m[2m    0.00 kB[22m[1m[22m
[2m.output/server/[22m[36m_libs/ohash.mjs                                [39m[1m[2m    0.00 kB[22m[1m[22m
[2m.output/server/[22m[36m_libs/unstorage.mjs                            [39m[1m[2m    0.00 kB[22m[1m[22m
[2m.output/server/[22m[36m_libs/croner.mjs                               [39m[1m[2m    0.00 kB[22m[1m[22m
[2m.output/server/[22m[36m_libs/tanstack__store.mjs                      [39m[1m[2m    0.00 kB[22m[1m[22m
[2m.output/server/[22m[36m_libs/seroval.mjs                              [39m[1m[2m    0.00 kB[22m[1m[22m
[2m.output/server/[22m[36m_libs/seroval-plugins.mjs                      [39m[1m[2m    0.00 kB[22m[1m[22m
[2m.output/server/[22m[36m_libs/use-sync-external-store.mjs              [39m[1m[2m    0.00 kB[22m[1m[22m
[2m.output/server/[22m[36m_libs/tanstack__react-store.mjs                [39m[1m[2m    0.00 kB[22m[1m[22m
[2m.output/server/[22m[36m_libs/cookie-es.mjs                            [39m[1m[2m    0.00 kB[22m[1m[22m
[2m.output/server/[22m[36m_libs/better-call.mjs                          [39m[1m[2m    0.00 kB[22m[1m[22m
[2m.output/server/[22m[36m_libs/mysql2.mjs                               [39m[1m[2m    0.00 kB[22m[1m[22m
[2m.output/server/[22m[36m_libs/sql-escaper.mjs                          [39m[1m[2m    0.00 kB[22m[1m[22m
[2m.output/server/[22m[36m_libs/lru.min.mjs                              [39m[1m[2m    0.00 kB[22m[1m[22m
[2m.output/server/[22m[36m_libs/denque.mjs                               [39m[1m[2m    0.00 kB[22m[1m[22m
[2m.output/server/[22m[36m_libs/named-placeholders.mjs                   [39m[1m[2m    0.00 kB[22m[1m[22m
[2m.output/server/[22m[36m_libs/aws-ssl-profiles.mjs                     [39m[1m[2m    0.00 kB[22m[1m[22m
[2m.output/server/[22m[36m_libs/long.mjs                                 [39m[1m[2m    0.00 kB[22m[1m[22m
[2m.output/server/[22m[36m_libs/iconv-lite.mjs                           [39m[1m[2m    0.00 kB[22m[1m[22m
[2m.output/server/[22m[36m_libs/generate-function.mjs                    [39m[1m[2m    0.00 kB[22m[1m[22m
[2m.output/server/[22m[36m_libs/safer-buffer.mjs                         [39m[1m[2m    0.00 kB[22m[1m[22m
[2m.output/server/[22m[36m_libs/is-property.mjs                          [39m[1m[2m    0.00 kB[22m[1m[22m
[2m.output/server/[22m[36m_ssr/start-HYkvq4Ni.mjs                        [39m[1m[2m    0.06 kB[22m[1m[22m
[2m.output/server/[22m[36m_libs/tiny-warning.mjs                         [39m[1m[2m    0.07 kB[22m[1m[22m
[2m.output/server/[22m[36m_libs/tiny-invariant.mjs                       [39m[1m[2m    0.18 kB[22m[1m[22m
[2m.output/server/[22m[36m_libs/rou3.mjs                                 [39m[1m[2m    0.21 kB[22m[1m[22m
[2m.output/server/[22m[36m_slug-BWV0vB03.mjs                             [39m[1m[2m    0.22 kB[22m[1m[22m
[2m.output/server/[22m[36m_ssr/index-DYzSBHqJ.mjs                        [39m[1m[2m    0.22 kB[22m[1m[22m
[2m.output/server/[22m[36m_ssr/index-3K8Ke9Te.mjs                        [39m[1m[2m    0.23 kB[22m[1m[22m
[2m.output/server/[22m[36m_ssr/new-CUlQcvAH.mjs                          [39m[1m[2m    0.23 kB[22m[1m[22m
[2m.output/server/[22m[36m_pageId-pzstCErg.mjs                           [39m[1m[2m    0.23 kB[22m[1m[22m
[2m.output/server/[22m[36m_chunks/ssr-renderer.mjs                       [39m[1m[2m    0.57 kB[22m[1m[22m
[2m.output/server/[22m[36m_libs/tanstack__history.mjs                    [39m[1m[2m    1.08 kB[22m[1m[22m
[2m.output/server/[22m[36m_libs/ufo.mjs                                  [39m[1m[2m    1.31 kB[22m[1m[22m
[2m.output/server/[22m[36m_libs/better-auth__utils.mjs                   [39m[1m[2m    1.52 kB[22m[1m[22m
[2m.output/server/[22m[36m_tanstack-start-manifest_v-B2cNPG7-.mjs        [39m[1m[2m    1.80 kB[22m[1m[22m
[2m.output/server/[22m[36m_libs/isbot.mjs                                [39m[1m[2m    2.41 kB[22m[1m[22m
[2m.output/server/[22m[36m_libs/lucide-react.mjs                         [39m[1m[2m    3.97 kB[22m[1m[22m
[2m.output/server/[22m[36m_ssr/d1-sqlite-dialect-sYHNqBte-BHGk8kk-.mjs   [39m[1m[2m    4.81 kB[22m[1m[22m
[2m.output/server/[22m[36m_ssr/bun-sqlite-dialect-C8OaCWSL-Bztqdi6R.mjs  [39m[1m[2m    5.06 kB[22m[1m[22m
[2m.output/server/[22m[36m_ssr/node-sqlite-dialect-DldscVfp.mjs          [39m[1m[2m    5.07 kB[22m[1m[22m
[2m.output/server/[22m[36m_ssr/login-DhyEQsST.mjs                        [39m[1m[2m    5.46 kB[22m[1m[22m
[2m.output/server/[22m[36m_ssr/register-AfNWWqR7.mjs                     [39m[1m[2m    6.30 kB[22m[1m[22m
[2m.output/server/[22m[36m_ssr/route-CtJ0hwZM.mjs                        [39m[1m[2m    6.36 kB[22m[1m[22m
[2m.output/server/[22m[36m_ssr/router-DtRqQykK.mjs                       [39m[1m[2m    7.29 kB[22m[1m[22m
[2m.output/server/[22m[36m_ssr/index-D9P3rAUS.mjs                        [39m[1m[2m    9.00 kB[22m[1m[22m
[2m.output/server/[22m[36m_ssr/index-ChpSDnmJ.mjs                        [39m[1m[2m   10.17 kB[22m[1m[22m
[2m.output/server/[22m[36m_libs/h3.mjs                                   [39m[1m[2m   13.79 kB[22m[1m[22m
[2m.output/server/[22m[36mindex.mjs                                      [39m[1m[2m   15.79 kB[22m[1m[22m
[2m.output/server/[22m[36m_libs/better-auth__drizzle-adapter.mjs         [39m[1m[2m   17.27 kB[22m[1m[22m
[2m.output/server/[22m[36m_libs/react.mjs                                [39m[1m[2m   20.01 kB[22m[1m[22m
[2m.output/server/[22m[36m_libs/srvx.mjs                                 [39m[1m[2m   25.54 kB[22m[1m[22m
[2m.output/server/[22m[36m_ssr/auth-client-DB_VPfP-.mjs                  [39m[1m[2m   26.63 kB[22m[1m[22m
[2m.output/server/[22m[36m_ssr/string-B_cWSAYd.mjs                       [39m[1m[2m   44.73 kB[22m[1m[22m
[2m.output/server/[22m[36m_libs/tanstack__react-router.mjs               [39m[1m[2m   46.68 kB[22m[1m[22m
[2m.output/server/[22m[36m_libs/better-auth__core.mjs                    [39m[1m[2m   52.57 kB[22m[1m[22m
[2m.output/server/[22m[36m_libs/tanstack__router-core.mjs                [39m[1m[2m  137.70 kB[22m[1m[22m
[2m.output/server/[22m[36m_ssr/index.mjs                                 [39m[1m[2m  156.87 kB[22m[1m[22m
[2m.output/server/[22m[36m_libs/drizzle-orm.mjs                          [39m[1m[2m  175.42 kB[22m[1m[22m
[2m.output/server/[22m[36m_libs/react-dom.mjs                            [39m[1m[33m  509.15 kB[39m[22m
[2m.output/server/[22m[36m_ssr/auth-BYkyTJUB.mjs                         [39m[1m[33m1,533.31 kB[39m[22m
[32mΓ£ô built in 10.22s[39m
[36mΓä╣[39m Generated [36m.output/nitro.json[39m

[90m[[90mnitro[90m][39m [32mΓ£ö[39m You can preview this build using [36mnpx vite preview[39m
